\BOOKMARK [1][-]{section.1}{\376\377\000P\000r\000e\000a\000m\000b\000l\000e}{}% 1
\BOOKMARK [1][-]{section.2}{\376\377\000I\000n\000t\000r\000o\000d\000u\000c\000t\000i\000o\000n}{}% 2
\BOOKMARK [1][-]{section.3}{\376\377\000B\000e\000h\000a\000v\000i\000o\000r}{}% 3
\BOOKMARK [2][-]{subsection.3.1}{\376\377\000B\000e\000a\000u\000t\000y}{section.3}% 4
\BOOKMARK [2][-]{subsection.3.2}{\376\377\000C\000h\000a\000o\000s}{section.3}% 5
\BOOKMARK [2][-]{subsection.3.3}{\376\377\000F\000r\000a\000c\000t\000a\000l\000s}{section.3}% 6
\BOOKMARK [2][-]{subsection.3.4}{\376\377\000S\000p\000a\000c\000e\000-\000T\000i\000m\000e}{section.3}% 7
\BOOKMARK [2][-]{subsection.3.5}{\376\377\000C\000e\000n\000t\000e\000r\000\040\000C\000o\000l\000u\000m\000n}{section.3}% 8
\BOOKMARK [2][-]{subsection.3.6}{\376\377\000S\000e\000l\000f\000-\000R\000e\000p\000r\000o\000d\000u\000c\000t\000i\000o\000n}{section.3}% 9
\BOOKMARK [2][-]{subsection.3.7}{\376\377\000R\000u\000l\000e\000\040\0002\0001\0000}{section.3}% 10
\BOOKMARK [2][-]{subsection.3.8}{\376\377\000N\000o\000i\000s\000e}{section.3}% 11
\BOOKMARK [2][-]{subsection.3.9}{\376\377\000T\000e\000x\000t\000u\000r\000e\000s}{section.3}% 12
\BOOKMARK [2][-]{subsection.3.10}{\376\377\000B\000o\000r\000i\000n\000g\000\040\000R\000u\000l\000e\000s}{section.3}% 13
\BOOKMARK [2][-]{subsection.3.11}{\376\377\000T\000w\000i\000n\000s}{section.3}% 14
\BOOKMARK [1][-]{section.4}{\376\377\000I\000m\000p\000l\000e\000m\000e\000n\000t\000a\000t\000i\000o\000n}{}% 15
\BOOKMARK [2][-]{subsection.4.1}{\376\377\000T\000o\000o\000l\000s}{section.4}% 16
\BOOKMARK [2][-]{subsection.4.2}{\376\377\000G\000r\000o\000w\000i\000n\000g\000\040\000t\000h\000e\000\040\000t\000r\000i\000a\000n\000g\000u\000l\000a\000r\000\040\000g\000r\000i\000d}{section.4}% 17
\BOOKMARK [2][-]{subsection.4.3}{\376\377\000E\000v\000o\000l\000v\000i\000n\000g\000\040\000t\000h\000e\000\040\000s\000t\000a\000t\000e}{section.4}% 18
\BOOKMARK [2][-]{subsection.4.4}{\376\377\000P\000l\000o\000t\000t\000i\000n\000g\000\040\000t\000h\000e\000\040\000r\000e\000s\000u\000l\000t}{section.4}% 19
\BOOKMARK [1][-]{section.5}{\376\377\000C\000o\000n\000c\000l\000u\000s\000i\000o\000n}{}% 20
